<?xml version="1.0" encoding="UTF-8"?>
<!-- Generated by org.testng.reporters.JUnitReportReporter -->
<testsuite skipped="0" hostname="info-lap257" name="com.myproject.app.MyMavenProj.SeleniumTest" tests="2" failures="0" timestamp="17 Jul 2019 17:56:07 GMT" time="0.013" errors="0">
  <testcase name="browserAutomation" time="0.012" classname="com.myproject.app.MyMavenProj.SeleniumTest"/>
  <testcase name="testUIElements" time="0.001" classname="com.myproject.app.MyMavenProj.SeleniumTest"/>
</testsuite> <!-- com.myproject.app.MyMavenProj.SeleniumTest -->
