<?xml version="1.0" encoding="UTF-8"?>
<!-- Generated by org.testng.reporters.JUnitReportReporter -->
<testsuite skipped="0" hostname="info-lap257" name="com.myproject.app.MyMavenProj.RestAPITest" tests="2" failures="0" timestamp="17 Jul 2019 17:55:34 GMT" time="0.010" errors="0">
  <testcase name="deleteUserInfo" time="0.000" classname="com.myproject.app.MyMavenProj.RestAPITest"/>
  <testcase name="addUserInfo" time="0.010" classname="com.myproject.app.MyMavenProj.RestAPITest"/>
</testsuite> <!-- com.myproject.app.MyMavenProj.RestAPITest -->
